<?xml version="1.0" encoding="UTF-8"?>
<!-- Generated by org.testng.reporters.JUnitXMLReporter -->
<testsuite hostname="LAPTOP-ORI8JR52" ignored="0" name="Default test" tests="2" failures="0" timestamp="20 Apr 2020 08:18:27 GMT" time="0.35" errors="0">
  <testcase name="feature" time="0.199" classname="com.w2a.API_Automation_BDD.testRunner.FeatureRunner">
    <skipped/>
  </testcase> <!-- feature -->
  <testcase name="feature" time="0.004" classname="com.w2a.API_Automation_BDD.testRunner.FeatureRunner">
    <skipped/>
  </testcase> <!-- feature -->
</testsuite> <!-- Default test -->
