<?xml version="1.0" encoding="UTF-8"?>
<testng-results skipped="0" failed="0" ignored="0" total="2" passed="2">
  <reporter-output>
  </reporter-output>
  <suite name="Suite" duration-ms="5115" started-at="2020-04-20T09:56:11Z" finished-at="2020-04-20T09:56:17Z">
    <groups>
    </groups>
    <test name="Test" duration-ms="5115" started-at="2020-04-20T09:56:11Z" finished-at="2020-04-20T09:56:17Z">
      <class name="com.w2a.API_Automation_BDD.testRunner.FeatureRunner">
        <test-method status="PASS" signature="setUpClass()[pri:0, instance:com.w2a.API_Automation_BDD.testRunner.FeatureRunner@7fc2413d]" name="setUpClass" is-config="true" duration-ms="93" started-at="2020-04-20T15:26:12Z" finished-at="2020-04-20T15:26:12Z">
          <reporter-output>
          </reporter-output>
        </test-method> <!-- setUpClass -->
        <test-method status="PASS" signature="feature(cucumber.api.testng.PickleEventWrapper, cucumber.api.testng.CucumberFeatureWrapper)[pri:0, instance:com.w2a.API_Automation_BDD.testRunner.FeatureRunner@7fc2413d]" name="feature" duration-ms="3107" started-at="2020-04-20T15:26:12Z" data-provider="features" finished-at="2020-04-20T15:26:15Z">
          <params>
            <param index="0">
              <value>
                <![CDATA["Validate Create Customer API with valid auth key and data"]]>
              </value>
            </param>
            <param index="1">
              <value>
                <![CDATA["Validate Create Customer API"]]>
              </value>
            </param>
          </params>
          <reporter-output>
          </reporter-output>
        </test-method> <!-- feature -->
        <test-method status="PASS" signature="feature(cucumber.api.testng.PickleEventWrapper, cucumber.api.testng.CucumberFeatureWrapper)[pri:0, instance:com.w2a.API_Automation_BDD.testRunner.FeatureRunner@7fc2413d]" name="feature" duration-ms="1305" started-at="2020-04-20T15:26:15Z" data-provider="features" finished-at="2020-04-20T15:26:17Z">
          <params>
            <param index="0">
              <value>
                <![CDATA["Validate Create Customer API with valid auth key and data"]]>
              </value>
            </param>
            <param index="1">
              <value>
                <![CDATA["Validate Create Customer API"]]>
              </value>
            </param>
          </params>
          <reporter-output>
          </reporter-output>
        </test-method> <!-- feature -->
        <test-method status="PASS" signature="tearDownClass()[pri:0, instance:com.w2a.API_Automation_BDD.testRunner.FeatureRunner@7fc2413d]" name="tearDownClass" is-config="true" duration-ms="5" started-at="2020-04-20T15:26:17Z" finished-at="2020-04-20T15:26:17Z">
          <reporter-output>
          </reporter-output>
        </test-method> <!-- tearDownClass -->
      </class> <!-- com.w2a.API_Automation_BDD.testRunner.FeatureRunner -->
    </test> <!-- Test -->
  </suite> <!-- Suite -->
</testng-results>
