<?xml version="1.0" encoding="UTF-8"?>
<testng-results skipped="0" failed="0" ignored="0" total="2" passed="2">
  <reporter-output>
  </reporter-output>
  <suite name="Suite" duration-ms="5014" started-at="2020-04-20T09:11:54Z" finished-at="2020-04-20T09:11:59Z">
    <groups>
    </groups>
    <test name="Test" duration-ms="5014" started-at="2020-04-20T09:11:54Z" finished-at="2020-04-20T09:11:59Z">
      <class name="com.w2a.API_Automation_BDD.testRunner.FeatureRunner">
        <test-method status="PASS" signature="setUpClass()[pri:0, instance:com.w2a.API_Automation_BDD.testRunner.FeatureRunner@10db82ae]" name="setUpClass" is-config="true" duration-ms="113" started-at="2020-04-20T14:41:54Z" finished-at="2020-04-20T14:41:55Z">
          <reporter-output>
          </reporter-output>
        </test-method> <!-- setUpClass -->
        <test-method status="PASS" signature="feature(cucumber.api.testng.PickleEventWrapper, cucumber.api.testng.CucumberFeatureWrapper)[pri:0, instance:com.w2a.API_Automation_BDD.testRunner.FeatureRunner@10db82ae]" name="feature" duration-ms="3121" started-at="2020-04-20T14:41:55Z" data-provider="features" finished-at="2020-04-20T14:41:58Z">
          <params>
            <param index="0">
              <value>
                <![CDATA["Validate Create Customer API with valid auth key and data"]]>
              </value>
            </param>
            <param index="1">
              <value>
                <![CDATA["Validate Create Customer API"]]>
              </value>
            </param>
          </params>
          <reporter-output>
          </reporter-output>
        </test-method> <!-- feature -->
        <test-method status="PASS" signature="feature(cucumber.api.testng.PickleEventWrapper, cucumber.api.testng.CucumberFeatureWrapper)[pri:0, instance:com.w2a.API_Automation_BDD.testRunner.FeatureRunner@10db82ae]" name="feature" duration-ms="1362" started-at="2020-04-20T14:41:58Z" data-provider="features" finished-at="2020-04-20T14:41:59Z">
          <params>
            <param index="0">
              <value>
                <![CDATA["Validate Create Customer API with valid auth key and data"]]>
              </value>
            </param>
            <param index="1">
              <value>
                <![CDATA["Validate Create Customer API"]]>
              </value>
            </param>
          </params>
          <reporter-output>
          </reporter-output>
        </test-method> <!-- feature -->
        <test-method status="PASS" signature="tearDownClass()[pri:0, instance:com.w2a.API_Automation_BDD.testRunner.FeatureRunner@10db82ae]" name="tearDownClass" is-config="true" duration-ms="4" started-at="2020-04-20T14:41:59Z" finished-at="2020-04-20T14:41:59Z">
          <reporter-output>
          </reporter-output>
        </test-method> <!-- tearDownClass -->
      </class> <!-- com.w2a.API_Automation_BDD.testRunner.FeatureRunner -->
    </test> <!-- Test -->
  </suite> <!-- Suite -->
</testng-results>
